SF:lib/features/tasks/domain/entities/task.dart
DA:7,1
DA:13,0
DA:18,0
DA:19,0
DA:20,0
DA:21,0
DA:25,0
DA:26,0
LF:8
LH:1
end_of_record
SF:lib/features/tasks/domain/usecases/get_tasks.dart
DA:10,0
DA:11,0
DA:12,0
DA:19,1
DA:23,1
DA:25,2
LF:6
LH:3
end_of_record
SF:lib/core/errors/exceptions.dart
DA:8,0
DA:9,0
DA:11,0
DA:12,0
DA:13,0
DA:15,0
DA:17,0
DA:19,0
DA:21,0
DA:22,0
DA:25,0
DA:32,0
DA:33,0
DA:34,0
DA:35,0
DA:36,0
DA:38,0
DA:40,0
DA:42,0
DA:44,0
DA:46,0
LF:21
LH:0
end_of_record
SF:lib/core/errors/failure.dart
DA:9,0
DA:10,0
DA:12,0
DA:17,0
DA:22,0
DA:27,0
DA:32,0
LF:7
LH:0
end_of_record
SF:lib/features/tasks/data/datasources/tasks_local_datasource.dart
DA:10,0
DA:11,0
DA:12,0
DA:13,0
DA:27,0
DA:30,0
DA:31,0
DA:33,0
DA:34,0
DA:38,0
DA:41,0
DA:42,0
DA:45,0
DA:46,0
DA:50,0
DA:52,0
DA:54,0
DA:57,0
DA:58,0
DA:62,0
DA:65,0
DA:67,0
DA:70,0
DA:71,0
DA:75,0
DA:77,0
DA:78,0
DA:81,0
DA:83,0
DA:86,0
DA:88,0
LF:31
LH:0
end_of_record
SF:lib/features/tasks/data/models/task.dart
DA:20,0
LF:1
LH:0
end_of_record
SF:lib/features/tasks/data/models/task.g.dart
DA:13,0
DA:15,0
DA:16,0
DA:17,0
DA:19,0
DA:20,0
DA:21,0
DA:22,0
DA:26,0
DA:29,0
DA:30,0
DA:31,0
DA:32,0
DA:33,0
DA:34,0
DA:35,0
DA:38,0
DA:39,0
DA:41,0
DA:44,0
DA:45,0
DA:46,0
LF:22
LH:0
end_of_record
SF:lib/features/tasks/data/mappers/task.dart
DA:5,0
DA:6,0
DA:7,0
DA:8,0
DA:13,0
DA:14,0
DA:15,0
DA:16,0
LF:8
LH:0
end_of_record
SF:lib/features/tasks/data/repositories/task_repository_impl.dart
DA:11,0
DA:12,0
DA:18,0
DA:22,0
DA:25,0
DA:26,0
DA:27,0
DA:29,0
DA:33,0
DA:36,0
DA:37,0
DA:38,0
DA:40,0
DA:44,0
DA:47,0
DA:48,0
DA:49,0
DA:50,0
DA:52,0
DA:53,0
DA:57,0
DA:60,0
DA:61,0
DA:62,0
DA:64,0
LF:25
LH:0
end_of_record
